==13275== Callgrind, a call-graph generating cache profiler
==13275== Copyright (C) 2002-2015, and GNU GPL'd, by Josef Weidendorfer et al.
==13275== Using Valgrind-3.11.0 and LibVEX; rerun with -h for copyright info
==13275== Command: pageable_vs_pinned/main
==13275== Parent PID: 13221
==13275== 
==13275== For interactive control, run 'callgrind_control -h'.
==13275== Warning: noted but unhandled ioctl 0x30000001 with no size/direction hints.
==13275==    This could cause spurious value errors to appear.
==13275==    See README_MISSING_SYSCALL_OR_IOCTL for guidance on writing a proper wrapper.
==13275== Warning: noted but unhandled ioctl 0x27 with no size/direction hints.
==13275==    This could cause spurious value errors to appear.
==13275==    See README_MISSING_SYSCALL_OR_IOCTL for guidance on writing a proper wrapper.
==13275== Warning: noted but unhandled ioctl 0x7ff with no size/direction hints.
==13275==    This could cause spurious value errors to appear.
==13275==    See README_MISSING_SYSCALL_OR_IOCTL for guidance on writing a proper wrapper.
==13275== Warning: noted but unhandled ioctl 0x25 with no size/direction hints.
==13275==    This could cause spurious value errors to appear.
==13275==    See README_MISSING_SYSCALL_OR_IOCTL for guidance on writing a proper wrapper.
==13275== Warning: noted but unhandled ioctl 0x37 with no size/direction hints.
==13275==    This could cause spurious value errors to appear.
==13275==    See README_MISSING_SYSCALL_OR_IOCTL for guidance on writing a proper wrapper.
==13275== Warning: noted but unhandled ioctl 0x17 with no size/direction hints.
==13275==    This could cause spurious value errors to appear.
==13275==    See README_MISSING_SYSCALL_OR_IOCTL for guidance on writing a proper wrapper.
==13275== Warning: noted but unhandled ioctl 0x19 with no size/direction hints.
==13275==    This could cause spurious value errors to appear.
==13275==    See README_MISSING_SYSCALL_OR_IOCTL for guidance on writing a proper wrapper.
==13275== Warning: noted but unhandled ioctl 0x21 with no size/direction hints.
==13275==    This could cause spurious value errors to appear.
==13275==    See README_MISSING_SYSCALL_OR_IOCTL for guidance on writing a proper wrapper.
==13275== Warning: noted but unhandled ioctl 0x1b with no size/direction hints.
==13275==    This could cause spurious value errors to appear.
==13275==    See README_MISSING_SYSCALL_OR_IOCTL for guidance on writing a proper wrapper.
==13275== 
==13275== Events    : Ir
==13275== Collected : 143481144
==13275== 
==13275== I   refs:      143,481,144
