==13261== Callgrind, a call-graph generating cache profiler
==13261== Copyright (C) 2002-2015, and GNU GPL'd, by Josef Weidendorfer et al.
==13261== Using Valgrind-3.11.0 and LibVEX; rerun with -h for copyright info
==13261== Command: pageable/main
==13261== Parent PID: 13221
==13261== 
==13261== For interactive control, run 'callgrind_control -h'.
==13261== Warning: noted but unhandled ioctl 0x30000001 with no size/direction hints.
==13261==    This could cause spurious value errors to appear.
==13261==    See README_MISSING_SYSCALL_OR_IOCTL for guidance on writing a proper wrapper.
==13261== Warning: noted but unhandled ioctl 0x27 with no size/direction hints.
==13261==    This could cause spurious value errors to appear.
==13261==    See README_MISSING_SYSCALL_OR_IOCTL for guidance on writing a proper wrapper.
==13261== Warning: noted but unhandled ioctl 0x7ff with no size/direction hints.
==13261==    This could cause spurious value errors to appear.
==13261==    See README_MISSING_SYSCALL_OR_IOCTL for guidance on writing a proper wrapper.
==13261== Warning: noted but unhandled ioctl 0x25 with no size/direction hints.
==13261==    This could cause spurious value errors to appear.
==13261==    See README_MISSING_SYSCALL_OR_IOCTL for guidance on writing a proper wrapper.
==13261== Warning: noted but unhandled ioctl 0x37 with no size/direction hints.
==13261==    This could cause spurious value errors to appear.
==13261==    See README_MISSING_SYSCALL_OR_IOCTL for guidance on writing a proper wrapper.
==13261== Warning: noted but unhandled ioctl 0x17 with no size/direction hints.
==13261==    This could cause spurious value errors to appear.
==13261==    See README_MISSING_SYSCALL_OR_IOCTL for guidance on writing a proper wrapper.
==13261== Warning: noted but unhandled ioctl 0x19 with no size/direction hints.
==13261==    This could cause spurious value errors to appear.
==13261==    See README_MISSING_SYSCALL_OR_IOCTL for guidance on writing a proper wrapper.
==13261== Warning: noted but unhandled ioctl 0x21 with no size/direction hints.
==13261==    This could cause spurious value errors to appear.
==13261==    See README_MISSING_SYSCALL_OR_IOCTL for guidance on writing a proper wrapper.
==13261== Warning: noted but unhandled ioctl 0x1b with no size/direction hints.
==13261==    This could cause spurious value errors to appear.
==13261==    See README_MISSING_SYSCALL_OR_IOCTL for guidance on writing a proper wrapper.
==13261== 
==13261== Events    : Ir
==13261== Collected : 132665262
==13261== 
==13261== I   refs:      132,665,262
